<?xml version="1.0" encoding="UTF-8"?>
<testsuite name="smoketest.SmokeTest" tests="5" skipped="0" failures="0" errors="0" timestamp="2026-09-23T06:35:02" hostname="Mac" time="0.072">
  <properties/>
  <testcase name="testProjectManagement()" classname="smoketest.SmokeTest" time="0.035"/>
  <testcase name="testWorkforceManagement()" classname="smoketest.SmokeTest" time="0.004"/>
  <testcase name="testExpenseBudget()" classname="smoketest.SmokeTest" time="0.006"/>
  <testcase name="testChangeOrder()" classname="smoketest.SmokeTest" time="0.011"/>
  <testcase name="testUserManagement()" classname="smoketest.SmokeTest" time="0.007"/>
  <system-out><![CDATA[]]></system-out>
  <system-err><![CDATA[]]></system-err>
</testsuite>
